<?xml version="1.0" encoding="UTF-8"?>
<testsuite name="com.builders.web.HelloServletTest" tests="1" skipped="0" failures="0" errors="0" timestamp="2019-02-22T21:20:03" hostname="DESKTOP-2ATK5SJ" time="0.013">
  <properties/>
  <testcase name="testHello" classname="com.builders.web.HelloServletTest" time="0.013"/>
  <system-out><![CDATA[]]></system-out>
  <system-err><![CDATA[]]></system-err>
</testsuite>
