<?xml version="1.0" encoding="UTF-8"?>
<testsuite name="com.builders.services.BuilderServiceTest" tests="1" skipped="0" failures="0" errors="0" timestamp="2019-02-21T16:12:58" hostname="EPUAVINW0343" time="0.006">
  <properties/>
  <testcase name="testHello" classname="com.builders.services.BuilderServiceTest" time="0.006"/>
  <system-out><![CDATA[]]></system-out>
  <system-err><![CDATA[]]></system-err>
</testsuite>
